2025-12-13 14:13:26, MOVE, v:1, k:poo@shapes, mode:PICK
2025-12-13 14:13:28, EXEC, v:1, k:poo@shapes, mode:FULL, rate:0, size:1
2025-12-13 14:42:44, MOVE, v:1, k:poo@shapes, mode:PICK
2025-12-13 14:42:45, EXEC, v:1, k:poo@shapes, mode:FULL, rate:0, size:53
2025-12-13 14:42:46, MOVE, v:1, k:poo@shapes, mode:BACK
2025-12-13 14:44:05, MOVE, v:1, k:poo@shapes, mode:PICK
2025-12-13 14:44:08, EXEC, v:1, k:poo@shapes, mode:FULL, rate:0
2025-12-13 15:59:15, MOVE, v:1, k:poo@shapes, mode:PICK
2025-12-13 15:59:16, EXEC, v:1, k:poo@shapes, mode:FULL, rate:0
2025-12-13 15:59:18, EXEC, v:1, k:poo@shapes, mode:FULL, rate:0
2025-12-13 16:00:48, EXEC, v:1, k:poo@shapes, mode:FULL, rate:0
2025-12-13 16:05:14, EXEC, v:1, k:poo@shapes, mode:FULL, rate:0
2025-12-13 16:06:36, EXEC, v:1, k:poo@shapes, mode:FULL, rate:0
2025-12-13 16:06:37, EXEC, v:1, k:poo@shapes, mode:FULL, rate:0
2025-12-13 16:06:37, EXEC, v:1, k:poo@shapes, mode:FULL, rate:0
2025-12-13 16:10:32, EXEC, v:1, k:poo@shapes, mode:FULL, rate:0
2025-12-13 16:10:33, EXEC, v:1, k:poo@shapes, mode:FULL, rate:0
2025-12-13 16:10:34, EXEC, v:1, k:poo@shapes, mode:FULL, rate:0
2025-12-13 16:10:37, EXEC, v:1, k:poo@shapes, mode:FULL, rate:0
2025-12-13 16:15:29, EXEC, v:1, k:poo@shapes, mode:FULL, rate:0
2025-12-13 16:15:30, EXEC, v:1, k:poo@shapes, mode:FULL, rate:0
2025-12-13 16:15:39, EXEC, v:1, k:poo@shapes, mode:FULL, rate:0
2025-12-13 16:16:24, EXEC, v:1, k:poo@shapes, mode:FULL, rate:0
2025-12-13 16:17:17, EXEC, v:1, k:poo@shapes, mode:FULL, rate:0
2025-12-13 16:17:19, EXEC, v:1, k:poo@shapes, mode:FULL, rate:0
2025-12-13 16:19:43, EXEC, v:1, k:poo@shapes, mode:FULL, rate:0
2025-12-13 16:19:44, EXEC, v:1, k:poo@shapes, mode:FULL, rate:0
2025-12-13 16:19:47, EXEC, v:1, k:poo@shapes, mode:FULL, rate:0
2025-12-13 16:20:18, EXEC, v:1, k:poo@shapes, mode:FULL, rate:0
2025-12-13 16:21:46, EXEC, v:1, k:poo@shapes, mode:FULL, rate:0
2025-12-13 16:22:42, EXEC, v:1, k:poo@shapes, mode:FULL, rate:0
2025-12-13 16:25:22, EXEC, v:1, k:poo@shapes, mode:FULL, rate:0
2025-12-13 16:25:23, EXEC, v:1, k:poo@shapes, mode:FULL, rate:0
2025-12-13 16:27:37, EXEC, v:1, k:poo@shapes, mode:FULL, rate:0
2025-12-13 16:27:38, EXEC, v:1, k:poo@shapes, mode:FULL, rate:0
2025-12-13 16:28:15, EXEC, v:1, k:poo@shapes, mode:FREE
2025-12-13 16:30:38, MOVE, v:1, k:poo@shapes, mode:BACK
2025-12-13 16:30:55, MOVE, v:1, k:poo@shapes, mode:PICK
2025-12-13 16:31:02, EXEC, v:1, k:poo@shapes, mode:FULL, rate:0
2025-12-13 16:31:04, EXEC, v:1, k:poo@shapes, mode:FREE
2025-12-13 16:32:44, EXEC, v:1, k:poo@shapes, mode:FULL, rate:0
2025-12-13 16:32:48, EXEC, v:1, k:poo@shapes, mode:FULL, rate:0
2025-12-13 16:38:30, EXEC, v:1, k:poo@shapes, mode:FULL, rate:0
2025-12-13 16:38:32, EXEC, v:1, k:poo@shapes, mode:FULL, rate:0
2025-12-13 16:42:04, EXEC, v:1, k:poo@shapes, mode:FULL, rate:0
2025-12-13 16:42:04, EXEC, v:1, k:poo@shapes, mode:FULL, rate:0
2025-12-13 16:56:09, EXEC, v:1, k:poo@shapes, mode:FULL, rate:0
2025-12-13 16:56:11, EXEC, v:1, k:poo@shapes, mode:FULL, rate:0
2025-12-13 16:56:13, EXEC, v:1, k:poo@shapes, mode:FULL, rate:0
2025-12-13 16:56:13, EXEC, v:1, k:poo@shapes, mode:FULL, rate:0
2025-12-13 16:56:14, EXEC, v:1, k:poo@shapes, mode:FULL, rate:0
2025-12-13 16:56:14, EXEC, v:1, k:poo@shapes, mode:FULL, rate:0
2025-12-13 16:56:14, EXEC, v:1, k:poo@shapes, mode:FULL, rate:0
2025-12-13 16:56:14, EXEC, v:1, k:poo@shapes, mode:FULL, rate:0
2025-12-13 16:56:15, EXEC, v:1, k:poo@shapes, mode:FULL, rate:0
2025-12-13 16:56:15, EXEC, v:1, k:poo@shapes, mode:FULL, rate:0
2025-12-13 16:56:15, EXEC, v:1, k:poo@shapes, mode:FULL, rate:0
2025-12-13 16:56:16, EXEC, v:1, k:poo@shapes, mode:FULL, rate:0
2025-12-13 16:56:16, EXEC, v:1, k:poo@shapes, mode:FULL, rate:0
2025-12-13 16:56:16, EXEC, v:1, k:poo@shapes, mode:FULL, rate:0
2025-12-13 16:56:16, EXEC, v:1, k:poo@shapes, mode:FULL, rate:0
2025-12-13 16:56:16, EXEC, v:1, k:poo@shapes, mode:FULL, rate:0
2025-12-13 16:56:17, EXEC, v:1, k:poo@shapes, mode:FULL, rate:0
2025-12-13 16:56:17, EXEC, v:1, k:poo@shapes, mode:FULL, rate:0
2025-12-13 16:56:17, EXEC, v:1, k:poo@shapes, mode:FULL, rate:0
2025-12-13 16:56:17, EXEC, v:1, k:poo@shapes, mode:FULL, rate:0
2025-12-13 16:56:17, EXEC, v:1, k:poo@shapes, mode:FULL, rate:0
2025-12-13 16:56:18, EXEC, v:1, k:poo@shapes, mode:FULL, rate:0
2025-12-13 16:56:18, EXEC, v:1, k:poo@shapes, mode:FULL, rate:0
2025-12-13 16:56:18, EXEC, v:1, k:poo@shapes, mode:FULL, rate:0
2025-12-13 16:56:18, EXEC, v:1, k:poo@shapes, mode:FULL, rate:0
2025-12-13 16:56:18, EXEC, v:1, k:poo@shapes, mode:FULL, rate:0
2025-12-13 16:56:19, EXEC, v:1, k:poo@shapes, mode:FULL, rate:0
2025-12-13 16:56:19, EXEC, v:1, k:poo@shapes, mode:FULL, rate:0
2025-12-13 16:56:19, EXEC, v:1, k:poo@shapes, mode:FULL, rate:0
2025-12-13 16:56:19, EXEC, v:1, k:poo@shapes, mode:FULL, rate:0
2025-12-13 16:56:19, EXEC, v:1, k:poo@shapes, mode:FULL, rate:0
2025-12-13 16:56:19, EXEC, v:1, k:poo@shapes, mode:FULL, rate:0
2025-12-13 16:56:20, EXEC, v:1, k:poo@shapes, mode:FULL, rate:0
2025-12-13 16:56:20, EXEC, v:1, k:poo@shapes, mode:FULL, rate:0
2025-12-13 16:56:20, EXEC, v:1, k:poo@shapes, mode:FULL, rate:0
2025-12-13 16:56:20, EXEC, v:1, k:poo@shapes, mode:FULL, rate:0
2025-12-13 16:56:20, EXEC, v:1, k:poo@shapes, mode:FULL, rate:0
2025-12-13 16:56:20, EXEC, v:1, k:poo@shapes, mode:FULL, rate:0
2025-12-13 16:56:21, EXEC, v:1, k:poo@shapes, mode:FULL, rate:0
2025-12-13 16:56:21, EXEC, v:1, k:poo@shapes, mode:FULL, rate:0
2025-12-13 16:56:21, EXEC, v:1, k:poo@shapes, mode:FULL, rate:0
2025-12-13 16:56:21, EXEC, v:1, k:poo@shapes, mode:FULL, rate:0
2025-12-13 16:56:21, EXEC, v:1, k:poo@shapes, mode:FULL, rate:0
2025-12-13 16:56:22, EXEC, v:1, k:poo@shapes, mode:FULL, rate:0
2025-12-13 16:56:22, EXEC, v:1, k:poo@shapes, mode:FULL, rate:0
2025-12-13 16:56:22, EXEC, v:1, k:poo@shapes, mode:FULL, rate:0
2025-12-13 16:56:22, EXEC, v:1, k:poo@shapes, mode:FULL, rate:0
2025-12-13 16:56:23, EXEC, v:1, k:poo@shapes, mode:FULL, rate:0
2025-12-13 16:56:23, EXEC, v:1, k:poo@shapes, mode:FULL, rate:0
2025-12-13 16:56:23, EXEC, v:1, k:poo@shapes, mode:FULL, rate:0
2025-12-13 16:56:23, EXEC, v:1, k:poo@shapes, mode:FULL, rate:0
2025-12-13 16:56:23, EXEC, v:1, k:poo@shapes, mode:FULL, rate:0
2025-12-13 16:56:24, EXEC, v:1, k:poo@shapes, mode:FULL, rate:0
2025-12-13 16:56:24, EXEC, v:1, k:poo@shapes, mode:FULL, rate:0
2025-12-13 16:56:24, EXEC, v:1, k:poo@shapes, mode:FULL, rate:0
2025-12-13 16:56:24, EXEC, v:1, k:poo@shapes, mode:FULL, rate:0
2025-12-13 16:56:24, EXEC, v:1, k:poo@shapes, mode:FULL, rate:0
2025-12-13 16:56:24, EXEC, v:1, k:poo@shapes, mode:FULL, rate:0
2025-12-13 16:56:24, EXEC, v:1, k:poo@shapes, mode:FULL, rate:0
2025-12-13 16:56:25, EXEC, v:1, k:poo@shapes, mode:FULL, rate:0
2025-12-13 16:56:25, EXEC, v:1, k:poo@shapes, mode:FULL, rate:0
2025-12-13 16:56:25, EXEC, v:1, k:poo@shapes, mode:FULL, rate:0
2025-12-13 16:56:25, EXEC, v:1, k:poo@shapes, mode:FULL, rate:0
2025-12-13 16:56:25, EXEC, v:1, k:poo@shapes, mode:FULL, rate:0
2025-12-13 16:56:26, EXEC, v:1, k:poo@shapes, mode:FULL, rate:0
2025-12-13 16:56:26, EXEC, v:1, k:poo@shapes, mode:FULL, rate:0
2025-12-13 16:56:26, EXEC, v:1, k:poo@shapes, mode:FULL, rate:0
2025-12-13 16:56:26, EXEC, v:1, k:poo@shapes, mode:FULL, rate:0
2025-12-13 16:56:26, EXEC, v:1, k:poo@shapes, mode:FULL, rate:0
2025-12-13 16:56:27, EXEC, v:1, k:poo@shapes, mode:FULL, rate:0
2025-12-13 16:56:27, EXEC, v:1, k:poo@shapes, mode:FULL, rate:0
2025-12-13 16:56:27, EXEC, v:1, k:poo@shapes, mode:FULL, rate:0
2025-12-13 16:56:28, EXEC, v:1, k:poo@shapes, mode:FULL, rate:0
2025-12-13 16:56:28, EXEC, v:1, k:poo@shapes, mode:FULL, rate:0
2025-12-13 16:56:28, EXEC, v:1, k:poo@shapes, mode:FULL, rate:0
2025-12-13 16:56:28, EXEC, v:1, k:poo@shapes, mode:FULL, rate:0
2025-12-13 16:56:28, EXEC, v:1, k:poo@shapes, mode:FULL, rate:0
2025-12-13 16:56:29, EXEC, v:1, k:poo@shapes, mode:FULL, rate:0
2025-12-13 16:57:59, EXEC, v:1, k:poo@shapes, mode:FULL, rate:0
2025-12-13 16:58:00, EXEC, v:1, k:poo@shapes, mode:FULL, rate:0
2025-12-13 16:58:00, EXEC, v:1, k:poo@shapes, mode:FULL, rate:0
2025-12-13 16:58:01, EXEC, v:1, k:poo@shapes, mode:FULL, rate:0
2025-12-13 17:00:26, MOVE, v:1, k:poo@shapes, mode:BACK
2025-12-13 17:00:54, MOVE, v:1, k:poo@estacionamento, mode:PICK
2025-12-13 17:02:06, EXEC, v:1, k:poo@estacionamento, mode:FULL, rate:0, size:0
2025-12-13 17:04:10, MOVE, v:1, k:poo@estacionamento, mode:BACK
2025-12-13 17:04:16, MOVE, v:1, k:poo@shapes, mode:PICK
2025-12-13 17:04:17, EXEC, v:1, k:poo@shapes, mode:FULL, rate:100, size:95
2025-12-13 17:04:54, MOVE, v:1, k:poo@shapes, mode:BACK
2025-12-13 17:05:47, MOVE, v:1, k:poo@shapes, mode:PICK
2025-12-13 17:05:48, EXEC, v:1, k:poo@shapes, mode:FULL, rate:100
2025-12-13 17:05:49, EXEC, v:1, k:poo@shapes, mode:FULL, rate:100
2025-12-13 17:06:23, MOVE, v:1, k:poo@shapes, mode:BACK
2025-12-13 17:06:28, MOVE, v:1, k:poo@estacionamento, mode:PICK
2025-12-13 17:06:42, MOVE, v:1, k:poo@estacionamento, mode:BACK
2025-12-13 17:07:48, MOVE, v:1, k:poo@estacionamento, mode:PICK
2025-12-13 17:14:18, EXEC, v:1, k:poo@estacionamento, mode:FULL, rate:0
2025-12-13 19:34:12, MOVE, v:1, k:poo@estacionamento, mode:PICK
2025-12-13 19:34:15, EXEC, v:1, k:poo@estacionamento, mode:FULL, rate:0, size:68
2025-12-13 19:40:17, EXEC, v:1, k:poo@estacionamento, mode:FULL, rate:0, size:97
2025-12-13 19:40:28, EXEC, v:1, k:poo@estacionamento, mode:FULL, rate:0, size:97
2025-12-13 19:40:30, EXEC, v:1, k:poo@estacionamento, mode:FULL, rate:0
2025-12-13 19:42:35, EXEC, v:1, k:poo@estacionamento, mode:FULL, rate:75, size:97
2025-12-13 19:42:37, EXEC, v:1, k:poo@estacionamento, mode:FULL, rate:75
2025-12-13 19:43:44, EXEC, v:1, k:poo@estacionamento, mode:FULL, rate:100, size:97
2025-12-13 19:43:49, MOVE, v:1, k:poo@estacionamento, mode:BACK
2025-12-13 19:43:59, MOVE, v:1, k:poo@estacionamento, mode:PICK
2025-12-13 19:44:00, EXEC, v:1, k:poo@estacionamento, mode:FULL, rate:100
2025-12-13 19:44:06, MOVE, v:1, k:poo@estacionamento, mode:BACK
2025-12-13 19:44:30, MOVE, v:1, k:poo@estacionamento, mode:PICK
2025-12-13 19:44:32, EXEC, v:1, k:poo@estacionamento, mode:FULL, rate:100
2025-12-13 19:44:32, EXEC, v:1, k:poo@estacionamento, mode:FULL, rate:100
2025-12-13 19:57:03, MOVE, v:1, k:poo@estacionamento, mode:BACK
2025-12-13 19:57:08, MOVE, v:1, k:poo@estacionamento, mode:PICK
2025-12-13 19:57:09, EXEC, v:1, k:poo@estacionamento, mode:FULL, rate:100
2025-12-13 19:57:11, EXEC, v:1, k:poo@estacionamento, mode:FULL, rate:100
2025-12-13 20:01:03, MOVE, v:1, k:poo@estacionamento, mode:BACK
2025-12-13 20:01:08, MOVE, v:1, k:poo@estacionamento, mode:PICK
2025-12-13 20:17:16, MOVE, v:1, k:poo@estacionamento, mode:BACK
2025-12-13 20:17:31, MOVE, v:1, k:poo@shapes, mode:PICK
2025-12-13 20:17:33, EXEC, v:1, k:poo@shapes, mode:FULL, rate:100
2025-12-13 20:17:34, MOVE, v:1, k:poo@shapes, mode:BACK
2025-12-13 20:18:10, SELF, v:1, k:poo@shapes, rate:100, human:_, iagen:_, guide:_, alone:7, study:120
2025-12-13 20:18:40, SELF, v:1, k:poo@estacionamento, rate:100, human:_, iagen:_, alone:7, study:60
