2025-12-14 13:19:06, MOVE, v:1, k:poo@cofre, mode:PICK
2025-12-14 13:20:56, EXEC, v:1, k:poo@cofre, mode:FULL, rate:0, size:0
2025-12-14 14:45:43, MOVE, v:1, k:poo@cofre, mode:PICK
2025-12-14 14:45:45, EXEC, v:1, k:poo@cofre, mode:FULL, rate:0
2025-12-14 14:45:46, MOVE, v:1, k:poo@cofre, mode:BACK
2025-12-14 14:45:48, MOVE, v:1, k:poo@cofre, mode:PICK
2025-12-14 14:45:51, EXEC, v:1, k:poo@cofre, mode:FULL, rate:0
2025-12-14 14:46:24, MOVE, v:1, k:poo@cofre, mode:BACK
2025-12-14 14:46:29, MOVE, v:1, k:poo@cofre, mode:PICK
2025-12-14 14:46:31, EXEC, v:1, k:poo@cofre, mode:FULL, rate:0, size:1
2025-12-14 14:54:07, MOVE, v:1, k:poo@cofre, mode:BACK
2025-12-14 14:54:12, MOVE, v:1, k:poo@cofre, mode:PICK
2025-12-14 14:54:15, EXEC, v:1, k:poo@cofre, mode:FULL, rate:0
2025-12-14 15:11:26, MOVE, v:1, k:poo@cofre, mode:BACK
2025-12-14 15:11:49, MOVE, v:1, k:poo@cofre, mode:PICK
2025-12-14 15:11:50, EXEC, v:1, k:poo@cofre, mode:FULL, rate:0, size:47
2025-12-14 15:11:52, EXEC, v:1, k:poo@cofre, mode:FULL, rate:0
2025-12-14 15:11:54, MOVE, v:1, k:poo@cofre, mode:BACK
2025-12-14 15:12:02, MOVE, v:1, k:poo@cofre, mode:PICK
2025-12-14 15:12:04, EXEC, v:1, k:poo@cofre, mode:FULL, rate:0
2025-12-14 16:13:29, MOVE, v:1, k:poo@cofre, mode:PICK
2025-12-14 16:13:29, EXEC, v:1, k:poo@cofre, mode:FULL, rate:0
2025-12-14 16:13:31, MOVE, v:1, k:poo@cofre, mode:BACK
2025-12-14 16:13:32, MOVE, v:1, k:poo@cofre, mode:PICK
2025-12-14 16:13:34, EXEC, v:1, k:poo@cofre, mode:FULL, rate:0
2025-12-14 16:13:35, MOVE, v:1, k:poo@cofre, mode:BACK
2025-12-14 16:13:36, MOVE, v:1, k:poo@cofre, mode:PICK
2025-12-14 16:13:38, EXEC, v:1, k:poo@cofre, mode:FULL, rate:0
2025-12-14 16:24:51, EXEC, v:1, k:poo@cofre, mode:FULL, rate:0, size:83
2025-12-14 16:24:52, MOVE, v:1, k:poo@cofre, mode:BACK
2025-12-14 16:25:00, MOVE, v:1, k:poo@cofre, mode:PICK
2025-12-14 16:25:02, EXEC, v:1, k:poo@cofre, mode:FULL, rate:0
2025-12-14 16:42:48, EXEC, v:1, k:poo@cofre, mode:FULL, rate:0
2025-12-14 16:42:49, MOVE, v:1, k:poo@cofre, mode:BACK
2025-12-14 16:42:51, MOVE, v:1, k:poo@cofre, mode:PICK
2025-12-14 16:45:57, EXEC, v:1, k:poo@cofre, mode:FULL, rate:0
2025-12-14 16:55:38, EXEC, v:1, k:poo@cofre, mode:FULL, rate:0
2025-12-14 17:18:43, EXEC, v:1, k:poo@cofre, mode:FULL, rate:0, size:143
2025-12-14 17:18:44, MOVE, v:1, k:poo@cofre, mode:BACK
2025-12-14 17:18:46, MOVE, v:1, k:poo@cofre, mode:PICK
2025-12-14 17:18:50, EXEC, v:1, k:poo@cofre, mode:FULL, rate:0
2025-12-14 17:19:21, EXEC, v:1, k:poo@cofre, mode:FULL, rate:0, size:143
2025-12-14 17:19:31, EXEC, v:1, k:poo@cofre, mode:FULL, rate:0, size:143
2025-12-14 17:19:43, EXEC, v:1, k:poo@cofre, mode:FULL, rate:0, size:143
2025-12-14 17:19:52, EXEC, v:1, k:poo@cofre, mode:FULL, rate:0, size:143
2025-12-14 17:20:16, EXEC, v:1, k:poo@cofre, mode:FULL, rate:0, size:143
2025-12-14 17:20:17, EXEC, v:1, k:poo@cofre, mode:FULL, rate:0
2025-12-14 17:21:12, MOVE, v:1, k:poo@cofre, mode:BACK
2025-12-14 17:21:16, MOVE, v:1, k:poo@cofre, mode:PICK
2025-12-14 17:21:17, EXEC, v:1, k:poo@cofre, mode:FULL, rate:0, size:143
2025-12-14 17:21:18, EXEC, v:1, k:poo@cofre, mode:FULL, rate:0
2025-12-14 17:23:26, EXEC, v:1, k:poo@cofre, mode:FULL, rate:0, size:137
2025-12-14 17:23:55, EXEC, v:1, k:poo@cofre, mode:FULL, rate:0, size:137
2025-12-14 17:36:26, EXEC, v:1, k:poo@cofre, mode:FULL, rate:10, size:182
2025-12-14 17:38:42, EXEC, v:1, k:poo@cofre, mode:FULL, rate:20, size:180
2025-12-14 17:40:09, EXEC, v:1, k:poo@cofre, mode:FULL, rate:60, size:180
2025-12-14 17:42:01, EXEC, v:1, k:poo@cofre, mode:FULL, rate:60, size:181
2025-12-14 17:42:02, EXEC, v:1, k:poo@cofre, mode:FULL, rate:60
2025-12-14 17:42:46, EXEC, v:1, k:poo@cofre, mode:FULL, rate:60, size:181
2025-12-14 17:45:11, EXEC, v:1, k:poo@cofre, mode:FULL, rate:100, size:182
2025-12-14 17:45:20, MOVE, v:1, k:poo@cofre, mode:BACK
2025-12-14 17:45:45, MOVE, v:1, k:poo@cadastro, mode:PICK
2025-12-14 17:45:47, EXEC, v:1, k:poo@cadastro, mode:FULL, rate:0, size:0
2025-12-14 17:55:56, MOVE, v:1, k:poo@cadastro, mode:BACK
2025-12-14 17:56:00, MOVE, v:1, k:poo@cadastro, mode:PICK
2025-12-14 17:56:01, EXEC, v:1, k:poo@cadastro, mode:FULL, rate:0, size:1
2025-12-14 17:56:02, MOVE, v:1, k:poo@cadastro, mode:BACK
2025-12-14 17:56:04, MOVE, v:1, k:poo@cadastro, mode:PICK
2025-12-14 17:56:05, EXEC, v:1, k:poo@cadastro, mode:FULL, rate:0
2025-12-14 18:28:14, MOVE, v:1, k:poo@cadastro, mode:PICK
2025-12-14 18:28:15, EXEC, v:1, k:poo@cadastro, mode:FULL, rate:0
2025-12-14 18:28:16, MOVE, v:1, k:poo@cadastro, mode:BACK
2025-12-14 18:28:21, MOVE, v:1, k:poo@cadastro, mode:PICK
2025-12-14 18:28:22, EXEC, v:1, k:poo@cadastro, mode:FULL, rate:0
2025-12-14 18:56:19, EXEC, v:1, k:poo@cadastro, mode:FULL, rate:0, size:62
2025-12-14 18:56:21, MOVE, v:1, k:poo@cadastro, mode:BACK
2025-12-14 18:56:40, MOVE, v:1, k:poo@cadastro, mode:PICK
2025-12-14 18:56:42, EXEC, v:1, k:poo@cadastro, mode:FULL, rate:0
2025-12-14 20:03:32, MOVE, v:1, k:poo@cadastro, mode:BACK
2025-12-14 20:03:39, MOVE, v:1, k:poo@cadastro, mode:PICK
2025-12-14 20:03:39, EXEC, v:1, k:poo@cadastro, mode:FULL, rate:100, size:164
2025-12-14 20:03:42, MOVE, v:1, k:poo@cadastro, mode:BACK
2025-12-14 20:03:46, MOVE, v:1, k:poo@cadastro, mode:PICK
2025-12-14 20:03:47, EXEC, v:1, k:poo@cadastro, mode:FULL, rate:100
2025-12-14 20:03:47, EXEC, v:1, k:poo@cadastro, mode:FULL, rate:100
2025-12-14 20:03:48, EXEC, v:1, k:poo@cadastro, mode:FULL, rate:100
2025-12-14 20:03:49, MOVE, v:1, k:poo@cadastro, mode:BACK
2025-12-14 20:04:07, MOVE, v:1, k:poo@cofre, mode:PICK
2025-12-14 20:04:08, EXEC, v:1, k:poo@cofre, mode:FULL, rate:100
2025-12-14 20:11:36, MOVE, v:1, k:poo@cofre, mode:BACK
2025-12-14 20:11:39, MOVE, v:1, k:poo@cadastro, mode:PICK
2025-12-14 20:11:40, EXEC, v:1, k:poo@cadastro, mode:FULL, rate:100
2025-12-14 20:11:42, MOVE, v:1, k:poo@cadastro, mode:BACK
2025-12-14 20:11:45, MOVE, v:1, k:poo@cadastro, mode:PICK
2025-12-14 20:26:39, MOVE, v:1, k:poo@cadastro, mode:BACK
2025-12-14 20:26:42, MOVE, v:1, k:poo@cadastro, mode:PICK
2025-12-14 20:26:43, EXEC, v:1, k:poo@cadastro, mode:FULL, rate:100
2025-12-14 20:26:44, MOVE, v:1, k:poo@cadastro, mode:BACK
2025-12-14 20:26:46, MOVE, v:1, k:poo@cadastro, mode:PICK
2025-12-14 20:26:48, EXEC, v:1, k:poo@cadastro, mode:FULL, rate:100
2025-12-14 20:39:31, MOVE, v:1, k:poo@cadastro, mode:BACK
2025-12-14 20:40:04, MOVE, v:1, k:poo@cadastro, mode:PICK
2025-12-14 20:40:05, EXEC, v:1, k:poo@cadastro, mode:FULL, rate:100
2025-12-14 20:40:06, MOVE, v:1, k:poo@cadastro, mode:BACK
2025-12-14 20:40:19, MOVE, v:1, k:poo@estacionamento, mode:PICK
2025-12-14 20:40:20, EXEC, v:1, k:poo@estacionamento, mode:FULL, rate:100
2025-12-14 20:41:55, MOVE, v:1, k:poo@estacionamento, mode:BACK
2025-12-14 20:42:26, SELF, v:1, k:poo@cofre, rate:100, human:_, iagen:_, guide:_, alone:7, study:140
2025-12-14 20:42:30, MOVE, v:1, k:poo@cadastro, mode:PICK
2025-12-14 20:42:32, MOVE, v:1, k:poo@cadastro, mode:BACK
2025-12-14 20:43:03, SELF, v:1, k:poo@cadastro, rate:100, human:_, iagen:_, guide:_, alone:7, study:120
